#
# There is insufficient memory for the Java Runtime Environment to continue.
# Native memory allocation (mmap) failed to map 134217728 bytes for Failed to commit area from 0x00000000e0000000 to 0x00000000e8000000 of length 134217728.
# Possible reasons:
#   The system is out of physical RAM or swap space
#   The process is running with CompressedOops enabled, and the Java Heap may be blocking the growth of the native heap
# Possible solutions:
#   Reduce memory load on the system
#   Increase physical memory or swap space
#   Check if swap backing store is full
#   Decrease Java heap size (-Xmx/-Xms)
#   Decrease number of Java threads
#   Decrease Java thread stack sizes (-Xss)
#   Set larger code cache with -XX:ReservedCodeCacheSize=
# This output file may be truncated or incomplete.
#
#  Out of Memory Error (./src/hotspot/os/windows/os_windows.cpp:3301), pid=16808, tid=11368
#
# JRE version:  (11.0.10) (build )
# Java VM: OpenJDK 64-Bit Server VM (11.0.10+0-b96-7249189, mixed mode, sharing, tiered, compressed oops, g1 gc, windows-amd64)
# No core dump will be written. Minidumps are not enabled by default on client versions of Windows
#

---------------  S U M M A R Y ------------

Command Line: -Xmx512M org.jetbrains.kotlin.cli.jvm.K2JVMCompiler @C:\Users\user\AndroidStudioProjects\edakuntalp_odev1\app\build\20211015_16959883151397498851.compiler.options

Host: Intel(R) Core(TM) i7-7500U CPU @ 2.70GHz, 4 cores, 7G,  Windows 10 , 64 bit Build 19041 (10.0.19041.1202)
Time: Fri Oct 15 20:44:12 2021 Türkiye Standart Saati elapsed time: 0.018616 seconds (0d 0h 0m 0s)

---------------  T H R E A D  ---------------

Current thread (0x0000020ad074c000):  JavaThread "Unknown thread" [_thread_in_vm, id=11368, stack(0x000000ef15900000,0x000000ef15a00000)]

Stack: [0x000000ef15900000,0x000000ef15a00000]
Native frames: (J=compiled Java code, j=interpreted, Vv=VM code, C=native code)
V  [jvm.dll+0x5ecfaa]
V  [jvm.dll+0x722bd5]
V  [jvm.dll+0x72412d]
V  [jvm.dll+0x7247e3]
V  [jvm.dll+0x242928]
V  [jvm.dll+0x5ea374]
V  [jvm.dll+0x5df425]
V  [jvm.dll+0x2fdebb]
V  [jvm.dll+0x2fde2a]
V  [jvm.dll+0x2fdd02]
V  [jvm.dll+0x302bf6]
V  [jvm.dll+0x34b2a3]
V  [jvm.dll+0x34b9a6]
V  [jvm.dll+0x34b3a3]
V  [jvm.dll+0x2d8888]
V  [jvm.dll+0x2d9a37]
V  [jvm.dll+0x701737]
V  [jvm.dll+0x702f2c]
V  [jvm.dll+0x3587d9]
V  [jvm.dll+0x6e4fae]
V  [jvm.dll+0x3c0be3]
V  [jvm.dll+0x3c2e91]
C  [jli.dll+0x5373]
C  [ucrtbase.dll+0x21bb2]
C  [KERNEL32.DLL+0x17034]
C  [ntdll.dll+0x52651]


---------------  P R O C E S S  ---------------

Threads class SMR info:
_java_thread_list=0x0000020ace5e2460, length=0, elements={
}

Java Threads: ( => current thread )

Other Threads:
  0x0000020ad0764800 GCTaskThread "GC Thread#0" [stack: 0x000000ef15a00000,0x000000ef15b00000] [id=5304]
  0x0000020ad0777800 ConcurrentGCThread "G1 Main Marker" [stack: 0x000000ef15b00000,0x000000ef15c00000] [id=15980]
  0x0000020ad0779000 ConcurrentGCThread "G1 Conc#0" [stack: 0x000000ef15c00000,0x000000ef15d00000] [id=1392]

[error occurred during error reporting (printing all threads), id 0xc0000005, EXCEPTION_ACCESS_VIOLATION (0xc0000005) at pc=0x00007ffc6e859107]

VM state:not at safepoint (not fully initialized)

VM Mutex/Monitor currently owned by a thread:  ([mutex/lock_event])
[0x0000020ad0748190] Heap_lock - owner thread: 0x0000020ad074c000

Heap address: 0x00000000e0000000, size: 512 MB, Compressed Oops mode: Non-zero based: 0x00000000e0000000
Narrow klass base: 0x0000000000000000, Narrow klass shift: 0

GC Heap History (0 events):
No events

Deoptimization events (0 events):
No events

Classes redefined (0 events):
No events

Internal exceptions (0 events):
No events

Events (1 events):
Event: 0.013 Loaded shared library C:\Program Files\Android\Android Studio1\jre\bin\zip.dll


Dynamic libraries:
0x00007ff76cf60000 - 0x00007ff76cf6a000 	C:\Program Files\Android\Android Studio1\jre\bin\java.exe
0x00007ffca9810000 - 0x00007ffca9a05000 	C:\WINDOWS\SYSTEM32\ntdll.dll
0x00007ffca9670000 - 0x00007ffca972e000 	C:\WINDOWS\System32\KERNEL32.DLL
0x00007ffca71f0000 - 0x00007ffca74b9000 	C:\WINDOWS\System32\KERNELBASE.dll
0x00007ffca6f30000 - 0x00007ffca7030000 	C:\WINDOWS\System32\ucrtbase.dll
0x00007ffc96240000 - 0x00007ffc96257000 	C:\Program Files\Android\Android Studio1\jre\bin\VCRUNTIME140.dll
0x00007ffc96200000 - 0x00007ffc96219000 	C:\Program Files\Android\Android Studio1\jre\bin\jli.dll
0x00007ffca7a60000 - 0x00007ffca7c01000 	C:\WINDOWS\System32\USER32.dll
0x00007ffca7060000 - 0x00007ffca7082000 	C:\WINDOWS\System32\win32u.dll
0x00007ffc97780000 - 0x00007ffc97a1a000 	C:\WINDOWS\WinSxS\amd64_microsoft.windows.common-controls_6595b64144ccf1df_6.0.19041.1110_none_60b5254171f9507e\COMCTL32.dll
0x00007ffca7ff0000 - 0x00007ffca808e000 	C:\WINDOWS\System32\msvcrt.dll
0x00007ffca85f0000 - 0x00007ffca861b000 	C:\WINDOWS\System32\GDI32.dll
0x00007ffca70e0000 - 0x00007ffca71eb000 	C:\WINDOWS\System32\gdi32full.dll
0x00007ffca74c0000 - 0x00007ffca755d000 	C:\WINDOWS\System32\msvcp_win.dll
0x00007ffca8090000 - 0x00007ffca80c0000 	C:\WINDOWS\System32\IMM32.DLL
0x00007ffc82930000 - 0x00007ffc829cd000 	C:\Program Files\Android\Android Studio1\jre\bin\msvcp140.dll
0x00007ffc6e570000 - 0x00007ffc6f03f000 	C:\Program Files\Android\Android Studio1\jre\bin\server\jvm.dll
0x00007ffca7d30000 - 0x00007ffca7ddc000 	C:\WINDOWS\System32\ADVAPI32.dll
0x00007ffca9730000 - 0x00007ffca97cb000 	C:\WINDOWS\System32\sechost.dll
0x00007ffca7de0000 - 0x00007ffca7f0a000 	C:\WINDOWS\System32\RPCRT4.dll
0x00007ffca8e70000 - 0x00007ffca8e78000 	C:\WINDOWS\System32\PSAPI.DLL
0x00007ffc94de0000 - 0x00007ffc94de9000 	C:\WINDOWS\SYSTEM32\WSOCK32.dll
0x00007ffc97bd0000 - 0x00007ffc97bf7000 	C:\WINDOWS\SYSTEM32\WINMM.dll
0x00007ffca86d0000 - 0x00007ffca873b000 	C:\WINDOWS\System32\WS2_32.dll
0x00007ffc9d400000 - 0x00007ffc9d40a000 	C:\WINDOWS\SYSTEM32\VERSION.dll
0x00007ffca57e0000 - 0x00007ffca57f2000 	C:\WINDOWS\SYSTEM32\kernel.appcore.dll
0x00007ffca0770000 - 0x00007ffca0781000 	C:\Program Files\Android\Android Studio1\jre\bin\verify.dll
0x00007ffca4cc0000 - 0x00007ffca4ea4000 	C:\WINDOWS\SYSTEM32\DBGHELP.DLL
0x00007ffc8a720000 - 0x00007ffc8a74c000 	C:\WINDOWS\SYSTEM32\dbgcore.DLL
0x00007ffca7670000 - 0x00007ffca76f3000 	C:\WINDOWS\System32\bcryptPrimitives.dll
0x00007ffc9eed0000 - 0x00007ffc9eef9000 	C:\Program Files\Android\Android Studio1\jre\bin\java.dll
0x00007ffca2480000 - 0x00007ffca248b000 	C:\Program Files\Android\Android Studio1\jre\bin\jimage.dll
0x00007ffc9ee70000 - 0x00007ffc9ee88000 	C:\Program Files\Android\Android Studio1\jre\bin\zip.dll

dbghelp: loaded successfully - version: 4.0.5 - missing functions: none
symbol engine: initialized successfully - sym options: 0x614 - pdb path: .;C:\Program Files\Android\Android Studio1\jre\bin;C:\WINDOWS\SYSTEM32;C:\WINDOWS\WinSxS\amd64_microsoft.windows.common-controls_6595b64144ccf1df_6.0.19041.1110_none_60b5254171f9507e;C:\Program Files\Android\Android Studio1\jre\bin\server

VM Arguments:
jvm_args: -Xmx512M 
java_command: org.jetbrains.kotlin.cli.jvm.K2JVMCompiler @C:\Users\user\AndroidStudioProjects\edakuntalp_odev1\app\build\20211015_16959883151397498851.compiler.options
java_class_path (initial): C:\Users\user\.gradle\caches\modules-2\files-2.1\org.jetbrains.kotlin\kotlin-compiler-embeddable\1.5.20\1900e8b9aca0a9caffd45b99b36e3720a0a284f8\kotlin-compiler-embeddable-1.5.20.jar;C:\Users\user\.gradle\caches\modules-2\files-2.1\org.jetbrains.kotlin\kotlin-reflect\1.5.20\63810951f09a27f7827977f1bc21094042a915e\kotlin-reflect-1.5.20.jar;C:\Users\user\.gradle\caches\modules-2\files-2.1\org.jetbrains.kotlin\kotlin-stdlib\1.5.20\9de35cc611bcecec8edce1d56d8e659953806751\kotlin-stdlib-1.5.20.jar;C:\Users\user\.gradle\caches\modules-2\files-2.1\org.jetbrains.kotlin\kotlin-script-runtime\1.5.20\4381bb58d37b84d4d1afe55ec35542dd9b77e101\kotlin-script-runtime-1.5.20.jar;C:\Users\user\.gradle\caches\modules-2\files-2.1\org.jetbrains.kotlin\kotlin-daemon-embeddable\1.5.20\36c38cda019834dcd2959cc33a12768adcd94256\kotlin-daemon-embeddable-1.5.20.jar;C:\Users\user\.gradle\caches\modules-2\files-2.1\org.jetbrains.intellij.deps\trove4j\1.0.20181211\216c2e14b070f334479d800987affe4054cd563f\trove4j-1.0.20181211.jar;C:\Users\user\.gradle\caches\modules-2\files-2.1\org.jetbrains\annotations\13.0\919f0dfe192fb4e063e7dacadee7f8bb9a2672a9\annotations-13.0.jar;C:\Users\user\.gradle\caches\modules-2\files-2.1\org.jetbrains.kotlin\kotlin-stdlib-common\1.5.20\3d79dbd48bf605f4aac1e7028981a1953e245cbb\kotlin-stdlib-common-1.5.20.jar
Launcher Type: SUN_STANDARD

[Global flags]
     intx CICompilerCount                          = 3                                         {product} {ergonomic}
     uint ConcGCThreads                            = 1                                         {product} {ergonomic}
     uint G1ConcRefinementThreads                  = 4                                         {product} {ergonomic}
   size_t G1HeapRegionSize                         = 1048576                                   {product} {ergonomic}
    uintx GCDrainStackTargetSize                   = 64                                        {product} {ergonomic}
   size_t InitialHeapSize                          = 134217728                                 {product} {ergonomic}
   size_t MarkStackSize                            = 4194304                                   {product} {ergonomic}
   size_t MaxHeapSize                              = 536870912                                 {product} {command line}
   size_t MinHeapDeltaBytes                        = 1048576                                   {product} {ergonomic}
    uintx NonNMethodCodeHeapSize                   = 5830732                                {pd product} {ergonomic}
    uintx NonProfiledCodeHeapSize                  = 122913754                              {pd product} {ergonomic}
    uintx ProfiledCodeHeapSize                     = 122913754                              {pd product} {ergonomic}
    uintx ReservedCodeCacheSize                    = 251658240                              {pd product} {ergonomic}
     bool SegmentedCodeCache                       = true                                      {product} {ergonomic}
     bool UseCompressedClassPointers               = true                                 {lp64_product} {ergonomic}
     bool UseCompressedOops                        = true                                 {lp64_product} {ergonomic}
     bool UseG1GC                                  = true                                      {product} {ergonomic}
     bool UseLargePagesIndividualAllocation        = false                                  {pd product} {ergonomic}

Logging:
Log output configuration:
 #0: stdout all=warning uptime,level,tags
 #1: stderr all=off uptime,level,tags

Environment Variables:
_JAVA_OPTIONS=-Xmx512M
PATH=C:\Users\user\AppData\Local\Android\Sdk\platform-tools;C:\ProgramData\Oracle\Java\javapath;C:\WINDOWS\system32;C:\WINDOWS;C:\WINDOWS\System32\Wbem;C:\WINDOWS\System32\WindowsPowerShell\v1.0\;C:\WINDOWS\System32\OpenSSH\;C:\Program Files\dotnet\;C:\Program Files\Microsoft SQL Server\130\Tools\Binn\;C:\Program Files\Git\cmd;C:\Program Files\Intel\WiFi\bin\;C:\Program Files\Common Files\Intel\WirelessCommon\;C:\Program Files\nodejs\;C:\Program Files\Microsoft SQL Server\Client SDK\ODBC\130\Tools\Binn\;C:\Program Files (x86)\Microsoft SQL Server\140\Tools\Binn\;C:\Program Files\Microsoft SQL Server\140\Tools\Binn\;C:\Program Files\Microsoft SQL Server\140\DTS\Binn\;C:\Program Files (x86)\Microsoft SQL Server\Client SDK\ODBC\130\Tools\Binn\;C:\Program Files (x86)\Microsoft SQL Server\140\DTS\Binn\;C:\Program Files (x86)\Microsoft SQL Server\140\Tools\Binn\ManagementStudio\;C:\Program Files\Microsoft SQL Server\Client SDK\ODBC\170\Tools\Binn\;C:\Program Files (x86)\dotnet\;C:\Users\user\AppData\Local\Programs\Python\Python37\Scripts\;C:\Users\user\AppData\Local\Programs\Python\Python37\;C:\Users\user\AppData\Local\Microsoft\WindowsApps;C:\Users\user\AppData\Roaming\npm;C:\Users\user\.dotnet\tools;C:\Program Files\Java\jre1.8.0_231\bin;C:\Program Files\Java\jdk1.8.0_144\bin;;C:\Users\user\AppData\Local\Programs\Microsoft VS Code\bin
USERNAME=user
OS=Windows_NT
PROCESSOR_IDENTIFIER=Intel64 Family 6 Model 142 Stepping 9, GenuineIntel



---------------  S Y S T E M  ---------------

OS: Windows 10 , 64 bit Build 19041 (10.0.19041.1202)
OS uptime: 4 days 2:05 hours

CPU:total 4 (initial active 4) (2 cores per cpu, 2 threads per core) family 6 model 142 stepping 9 microcode 0xb4, cmov, cx8, fxsr, mmx, sse, sse2, sse3, ssse3, sse4.1, sse4.2, popcnt, avx, avx2, aes, clmul, erms, 3dnowpref, lzcnt, ht, tsc, tscinvbit, bmi1, bmi2, adx, fma

Memory: 4k page, system-wide physical 8075M (536M free)
TotalPageFile size 11075M (AvailPageFile size 127M)
current process WorkingSet (physical memory assigned to process): 9M, peak: 9M
current process commit charge ("private bytes"): 51M, peak: 179M

vm_info: OpenJDK 64-Bit Server VM (11.0.10+0-b96-7249189) for windows-amd64 JRE (11.0.10+0-b96-7249189), built on Mar 31 2021 21:44:00 by "builder" with MS VC++ 14.0 (VS2015)

END.
